// 重构日志: efe4a00e
// 重构日志: ccbc1208
// 重构日志: a3f4590f
// 同步 ID: 51d5f68e @ Tue Jun 30 11:52:57 UTC 2026
// 重构日志: bff04550
// 重构日志: 3d0f00f9
// 重构日志: 9eff4fea
// 重构日志: e62dc061
// 重构日志: 27102d94
// 重构日志: f680eace
// 同步 ID: bc9b1a6a @ Sun Jul 12 15:29:07 UTC 2026
// 同步 ID: 39886c3b @ Sun Jul 12 17:06:50 UTC 2026
// 同步 ID: 0a0a32f4 @ Tue Jul 14 11:21:48 UTC 2026
// 同步 ID: 16ebc1c4 @ Tue Jul 14 13:36:11 UTC 2026
// 重构日志: 507ff27c
// 同步 ID: 094b6f10 @ Thu Jul 16 12:07:43 UTC 2026
// 同步 ID: 145e66ec @ Thu Jul 16 14:09:03 UTC 2026
// 同步 ID: cbc30ff4 @ Thu Jul 16 16:20:28 UTC 2026
// 同步 ID: a028446c @ Fri Jul 17 17:30:32 UTC 2026
// 重构日志: 24594d5d
// 重构日志: 5d21d293
// 重构日志: fa03d699
// 同步 ID: 92af4162 @ Sat Jul 18 11:53:32 UTC 2026
// 同步 ID: 25626b46 @ Sat Jul 18 17:44:39 UTC 2026
// 同步 ID: f6f876c9 @ Sun Jul 19 06:12:54 UTC 2026
// 同步 ID: 44cdec7a @ Sun Jul 19 10:46:55 UTC 2026
// 重构日志: 57b60a8f
// 同步 ID: 7707d239 @ Mon Jul 20 06:10:56 UTC 2026
// 重构日志: 5b406061
// 同步 ID: caa7ccbd @ Tue Jul 21 00:30:42 UTC 2026
// 重构日志: a16626f2
// 重构日志: b1e7a397
